build/outputs/logs/manifest-merger-release-report.txt
-- Merging decision tree log ---
manifest
ADDED from src\main\AndroidManifest.xml:2:1-28:12
	xmlns:android
		ADDED from src\main\AndroidManifest.xml:2:11-69
	package
		ADDED from src\main\AndroidManifest.xml:3:5-41
uses-sdk
ADDED from src\main\AndroidManifest.xml:5:3-6:32
	android:minSdkVersion
		ADDED from src\main\AndroidManifest.xml:6:3-29
application
ADDED from src\main\AndroidManifest.xml:8:5-26:19
	android:label
		ADDED from src\main\AndroidManifest.xml:11:9-41
	android:allowBackup
		ADDED from src\main\AndroidManifest.xml:9:9-35
	android:icon
		ADDED from src\main\AndroidManifest.xml:10:9-45
	android:theme
		ADDED from src\main\AndroidManifest.xml:12:9-40
activity#com.gatchipatchi.LeagueApp.MainActivity
ADDED from src\main\AndroidManifest.xml:13:9-21:14
	android:label
		ADDED from src\main\AndroidManifest.xml:15:13-45
	android:name
		ADDED from src\main\AndroidManifest.xml:14:13-41
intent-filter#android.intent.action.MAIN+android.intent.category.LAUNCHER
ADDED from src\main\AndroidManifest.xml:16:13-20:29
action#android.intent.action.MAIN
ADDED from src\main\AndroidManifest.xml:17:17-69
	android:name
		ADDED from src\main\AndroidManifest.xml:17:25-66
category#android.intent.category.LAUNCHER
ADDED from src\main\AndroidManifest.xml:19:17-77
	android:name
		ADDED from src\main\AndroidManifest.xml:19:27-74
activity#com.gatchipatchi.LeagueApp.ChampInfo
ADDED from src\main\AndroidManifest.xml:22:3-25:14
	android:label
		ADDED from src\main\AndroidManifest.xml:24:4-36
	android:name
		ADDED from src\main\AndroidManifest.xml:23:4-29